{
  "RSpec": {
    "coverage": {
      "/Users/dy/dbc_phase_0/cloud-dj-finalproj/cloud-dj/app/controllers/songs_controller.rb": [
        1,
        1,
        2,
        2,
        null,
        null,
        1,
        null,
        null,
        1,
        null,
        null,
        1,
        null,
        null,
        1,
        null,
        null,
        1,
        null,
        null,
        1,
        null,
        null,
        null
      ],
      "/Users/dy/dbc_phase_0/cloud-dj-finalproj/cloud-dj/app/controllers/application_controller.rb": [
        1,
        1,
        null,
        null
      ],
      "/Users/dy/dbc_phase_0/cloud-dj-finalproj/cloud-dj/app/models/song.rb": [
        1,
        1,
        1,
        1,
        1,
        null
      ],
      "/Users/dy/dbc_phase_0/cloud-dj-finalproj/cloud-dj/app/models/user.rb": [
        1,
        1,
        1,
        1,
        1,
        1,
        null,
        1,
        1,
        null,
        1,
        null,
        1,
        0,
        null,
        null,
        1,
        2,
        2,
        null,
        null
      ],
      "/Users/dy/dbc_phase_0/cloud-dj-finalproj/cloud-dj/app/models/room.rb": [
        1,
        1,
        1,
        null,
        1,
        1,
        null
      ]
    },
    "timestamp": 1417304524
  }
}
