{
  "RSpec": {
    "coverage": {
      "/Users/alextrost/Desktop/Cloud-DJ/cloud-dj/app/controllers/rooms_controller.rb": [
        1,
        null,
        1,
        2,
        null,
        null,
        1,
        1,
        1,
        1,
        null,
        0,
        null,
        null,
        null,
        null,
        1,
        1,
        null,
        null,
        1,
        0,
        null,
        null,
        null,
        null,
        null,
        null,
        null,
        null,
        null,
        null,
        null,
        null,
        null,
        null,
        null,
        null,
        null,
        null,
        null,
        null,
        null,
        1,
        1,
        1,
        null,
        null,
        null
      ],
      "/Users/alextrost/Desktop/Cloud-DJ/cloud-dj/app/controllers/application_controller.rb": [
        1,
        1,
        null,
        null
      ],
      "/Users/alextrost/Desktop/Cloud-DJ/cloud-dj/app/controllers/users_controller.rb": [
        1,
        null,
        1,
        1,
        1,
        1,
        null,
        null,
        null,
        1,
        0,
        0,
        0,
        null,
        null,
        null,
        1,
        null,
        null,
        1,
        null,
        null,
        1,
        0,
        0,
        0,
        null,
        null,
        null,
        1,
        null,
        null,
        1,
        0,
        0,
        null,
        null,
        null,
        null,
        null,
        null,
        null,
        null
      ],
      "/Users/alextrost/Desktop/Cloud-DJ/cloud-dj/app/models/room.rb": [
        1,
        1,
        1,
        null
      ],
      "/Users/alextrost/Desktop/Cloud-DJ/cloud-dj/app/models/user.rb": [
        1,
        1,
        1,
        1,
        1,
        1,
        null,
        1,
        null,
        1,
        0,
        null,
        null,
        1,
        1,
        1,
        null,
        null
      ]
    },
    "timestamp": 1417225103
  }
}
